0 info it worked if it ends with ok
1 verbose cli [
1 verbose cli   'C:\\Program Files\\nodejs\\node.exe',
1 verbose cli   'C:\\Users\\LENOVO\\AppData\\Roaming\\npm\\node_modules\\npm\\bin\\npm-cli.js',
1 verbose cli   'install',
1 verbose cli   'chalk'
1 verbose cli ]
2 info using npm@4.0.0
3 info using node@v14.17.5
4 silly loadCurrentTree Starting
5 silly install loadCurrentTree
6 silly install readLocalPackageData
7 verbose stack TypeError: cb.apply is not a function
7 verbose stack     at C:\Users\LENOVO\AppData\Roaming\npm\node_modules\npm\node_modules\graceful-fs\polyfills.js:267:18
7 verbose stack     at FSReqCallback.oncomplete (fs.js:193:5)
8 verbose cwd E:\NodeNew\impExp
9 error Windows_NT 10.0.19042
10 error argv "C:\\Program Files\\nodejs\\node.exe" "C:\\Users\\LENOVO\\AppData\\Roaming\\npm\\node_modules\\npm\\bin\\npm-cli.js" "install" "chalk"
11 error node v14.17.5
12 error npm  v4.0.0
13 error cb.apply is not a function
14 error If you need help, you may report this error at:
14 error     <https://github.com/npm/npm/issues>
15 verbose exit [ 1, true ]
